SentinelApp/app/build/intermediates/manifest_merge_blame_file/debug/manifest-merger-blame-debug-report.txt
1<?xml version="1.0" encoding="utf-8"?>
2<manifest xmlns:android="http://schemas.android.com/apk/res/android"
3    package="com.sentinel.agent"
4    android:versionCode="1"
5    android:versionName="3.3" >
6
7    <uses-sdk
8        android:minSdkVersion="26"
9        android:targetSdkVersion="34" />
10
11    <uses-permission android:name="android.permission.INTERNET" />
11-->src/main/AndroidManifest.xml:5:5-67
11-->src/main/AndroidManifest.xml:5:22-64
12    <uses-permission android:name="android.permission.ACCESS_FINE_LOCATION" />
12-->src/main/AndroidManifest.xml:6:5-79
12-->src/main/AndroidManifest.xml:6:22-76
13    <uses-permission android:name="android.permission.ACCESS_COARSE_LOCATION" />
13-->src/main/AndroidManifest.xml:7:5-81
13-->src/main/AndroidManifest.xml:7:22-78
14    <uses-permission android:name="android.permission.FOREGROUND_SERVICE" />
14-->src/main/AndroidManifest.xml:8:5-77
14-->src/main/AndroidManifest.xml:8:22-74
15    <uses-permission android:name="android.permission.RECEIVE_BOOT_COMPLETED" />
15-->src/main/AndroidManifest.xml:9:5-81
15-->src/main/AndroidManifest.xml:9:22-78
16    <uses-permission android:name="android.permission.SEND_SMS" />
16-->src/main/AndroidManifest.xml:10:5-67
16-->src/main/AndroidManifest.xml:10:22-64
17    <uses-permission android:name="android.permission.POST_NOTIFICATIONS" />
17-->src/main/AndroidManifest.xml:11:5-77
17-->src/main/AndroidManifest.xml:11:22-74
18    <uses-permission android:name="android.permission.FOREGROUND_SERVICE_LOCATION" />
18-->src/main/AndroidManifest.xml:12:5-86
18-->src/main/AndroidManifest.xml:12:22-83
19    <uses-permission android:name="android.permission.REQUEST_IGNORE_BATTERY_OPTIMIZATIONS" />
19-->src/main/AndroidManifest.xml:13:5-95
19-->src/main/AndroidManifest.xml:13:22-92
20    <uses-permission android:name="android.permission.READ_EXTERNAL_STORAGE" />
20-->src/main/AndroidManifest.xml:14:5-80
20-->src/main/AndroidManifest.xml:14:22-77
21    <uses-permission android:name="android.permission.WRITE_EXTERNAL_STORAGE" />
21-->src/main/AndroidManifest.xml:15:5-81
21-->src/main/AndroidManifest.xml:15:22-78
22    <uses-permission android:name="android.permission.MANAGE_EXTERNAL_STORAGE" />
22-->src/main/AndroidManifest.xml:16:5-82
22-->src/main/AndroidManifest.xml:16:22-79
23    <uses-permission android:name="android.permission.PACKAGE_USAGE_STATS" />
23-->src/main/AndroidManifest.xml:17:5-114
23-->src/main/AndroidManifest.xml:17:22-75
24    <uses-permission android:name="android.permission.SYSTEM_ALERT_WINDOW" />
24-->src/main/AndroidManifest.xml:18:5-78
24-->src/main/AndroidManifest.xml:18:22-75
25    <uses-permission android:name="android.permission.USE_FULL_SCREEN_INTENT" />
25-->src/main/AndroidManifest.xml:19:5-81
25-->src/main/AndroidManifest.xml:19:22-78
26    <uses-permission android:name="android.permission.USE_BIOMETRIC" /> <!-- suppress DeprecatedClassUsageInspection -->
26-->[androidx.biometric:biometric:1.1.0] AndroidManifest.xml:24:5-72
26-->[androidx.biometric:biometric:1.1.0] AndroidManifest.xml:24:22-69
27    <uses-permission android:name="android.permission.USE_FINGERPRINT" />
27-->[androidx.biometric:biometric:1.1.0] AndroidManifest.xml:27:5-74
27-->[androidx.biometric:biometric:1.1.0] AndroidManifest.xml:27:22-71
28    <uses-permission android:name="android.permission.WAKE_LOCK" />
28-->[androidx.work:work-runtime:2.9.0] AndroidManifest.xml:23:5-68
28-->[androidx.work:work-runtime:2.9.0] AndroidManifest.xml:23:22-65
29    <uses-permission android:name="android.permission.ACCESS_NETWORK_STATE" />
29-->[androidx.work:work-runtime:2.9.0] AndroidManifest.xml:24:5-79
29-->[androidx.work:work-runtime:2.9.0] AndroidManifest.xml:24:22-76
30
31    <permission
31-->[androidx.core:core:1.12.0] AndroidManifest.xml:22:5-24:47
32        android:name="com.sentinel.agent.DYNAMIC_RECEIVER_NOT_EXPORTED_PERMISSION"
32-->[androidx.core:core:1.12.0] AndroidManifest.xml:23:9-81
33        android:protectionLevel="signature" />
33-->[androidx.core:core:1.12.0] AndroidManifest.xml:24:9-44
34
35    <uses-permission android:name="com.sentinel.agent.DYNAMIC_RECEIVER_NOT_EXPORTED_PERMISSION" />
35-->[androidx.core:core:1.12.0] AndroidManifest.xml:26:5-97
35-->[androidx.core:core:1.12.0] AndroidManifest.xml:26:22-94
36
37    <application
37-->src/main/AndroidManifest.xml:21:5-109:19
38        android:name="com.sentinel.agent.SentinelApp"
38-->src/main/AndroidManifest.xml:22:9-36
39        android:allowBackup="true"
39-->src/main/AndroidManifest.xml:23:9-35
40        android:appComponentFactory="androidx.core.app.CoreComponentFactory"
40-->[androidx.core:core:1.12.0] AndroidManifest.xml:28:18-86
41        android:debuggable="true"
42        android:extractNativeLibs="false"
43        android:icon="@mipmap/ic_launcher"
43-->src/main/AndroidManifest.xml:25:9-43
44        android:label="Sentinel AI Agent"
44-->src/main/AndroidManifest.xml:26:9-42
45        android:roundIcon="@mipmap/ic_launcher_round"
45-->src/main/AndroidManifest.xml:27:9-54
46        android:supportsRtl="true"
46-->src/main/AndroidManifest.xml:28:9-35
47        android:theme="@style/Theme.AppCompat.NoActionBar"
47-->src/main/AndroidManifest.xml:29:9-59
48        android:usesCleartextTraffic="true" >
48-->src/main/AndroidManifest.xml:24:9-44
49        <activity
49-->src/main/AndroidManifest.xml:31:9-38:20
50            android:name="com.sentinel.agent.ui.LoginActivity"
50-->src/main/AndroidManifest.xml:32:13-45
51            android:exported="true" >
51-->src/main/AndroidManifest.xml:33:13-36
52            <intent-filter>
52-->src/main/AndroidManifest.xml:34:13-37:29
53                <action android:name="android.intent.action.MAIN" />
53-->src/main/AndroidManifest.xml:35:17-69
53-->src/main/AndroidManifest.xml:35:25-66
54
55                <category android:name="android.intent.category.LAUNCHER" />
55-->src/main/AndroidManifest.xml:36:17-77
55-->src/main/AndroidManifest.xml:36:27-74
56            </intent-filter>
57        </activity>
58        <activity android:name="com.sentinel.agent.ui.DashboardActivity" />
58-->src/main/AndroidManifest.xml:40:9-58
58-->src/main/AndroidManifest.xml:40:19-55
59        <activity android:name="com.sentinel.agent.ui.SettingsActivity" />
59-->src/main/AndroidManifest.xml:41:9-57
59-->src/main/AndroidManifest.xml:41:19-54
60        <activity android:name="com.sentinel.agent.ui.TaskHistoryActivity" />
60-->src/main/AndroidManifest.xml:42:9-60
60-->src/main/AndroidManifest.xml:42:19-57
61        <activity android:name="com.sentinel.agent.ui.RegisterActivity" />
61-->src/main/AndroidManifest.xml:43:9-57
61-->src/main/AndroidManifest.xml:43:19-54
62        <activity
62-->src/main/AndroidManifest.xml:45:9-49:49
63            android:name="com.sentinel.agent.ui.EmergencyActivity"
63-->src/main/AndroidManifest.xml:46:13-49
64            android:excludeFromRecents="true"
64-->src/main/AndroidManifest.xml:49:13-46
65            android:launchMode="singleInstance"
65-->src/main/AndroidManifest.xml:47:13-48
66            android:screenOrientation="portrait" />
66-->src/main/AndroidManifest.xml:48:13-49
67
68        <service
68-->src/main/AndroidManifest.xml:51:9-55:56
69            android:name="com.sentinel.agent.service.monitoring.MonitoringService"
69-->src/main/AndroidManifest.xml:52:13-65
70            android:enabled="true"
70-->src/main/AndroidManifest.xml:53:13-35
71            android:exported="false"
71-->src/main/AndroidManifest.xml:54:13-37
72            android:foregroundServiceType="location" />
72-->src/main/AndroidManifest.xml:55:13-53
73
74        <receiver
74-->src/main/AndroidManifest.xml:57:9-64:20
75            android:name="com.sentinel.agent.service.monitoring.BootReceiver"
75-->src/main/AndroidManifest.xml:58:13-60
76            android:enabled="true"
76-->src/main/AndroidManifest.xml:59:13-35
77            android:exported="false" >
77-->src/main/AndroidManifest.xml:60:13-37
78            <intent-filter>
78-->src/main/AndroidManifest.xml:61:13-63:29
79                <action android:name="android.intent.action.BOOT_COMPLETED" />
79-->src/main/AndroidManifest.xml:62:17-79
79-->src/main/AndroidManifest.xml:62:25-76
80            </intent-filter>
81        </receiver>
82        <receiver
82-->src/main/AndroidManifest.xml:66:9-76:20
83            android:name="com.sentinel.agent.service.monitoring.SentinelAdminReceiver"
83-->src/main/AndroidManifest.xml:67:13-69
84            android:exported="true"
84-->src/main/AndroidManifest.xml:69:13-36
85            android:permission="android.permission.BIND_DEVICE_ADMIN" >
85-->src/main/AndroidManifest.xml:68:13-70
86            <meta-data
86-->src/main/AndroidManifest.xml:70:13-72:63
87                android:name="android.app.device_admin"
87-->src/main/AndroidManifest.xml:71:17-56
88                android:resource="@xml/device_admin_config" />
88-->src/main/AndroidManifest.xml:72:17-60
89
90            <intent-filter>
90-->src/main/AndroidManifest.xml:73:13-75:29
91                <action android:name="android.app.action.DEVICE_ADMIN_ENABLED" />
91-->src/main/AndroidManifest.xml:74:17-82
91-->src/main/AndroidManifest.xml:74:25-79
92            </intent-filter>
93        </receiver>
94
95        <!-- V3 Enterprise: Agent Policy Interceptor -->
96        <receiver
96-->src/main/AndroidManifest.xml:79:9-86:20
97            android:name="com.sentinel.agent.service.monitoring.AgentInterceptor"
97-->src/main/AndroidManifest.xml:80:13-64
98            android:enabled="true"
98-->src/main/AndroidManifest.xml:81:13-35
99            android:exported="true" >
99-->src/main/AndroidManifest.xml:82:13-36
100            <intent-filter>
100-->src/main/AndroidManifest.xml:83:13-85:29
101                <action android:name="com.sentinel.agent.ACTION_AGENT_EXECUTE" />
101-->src/main/AndroidManifest.xml:84:17-82
101-->src/main/AndroidManifest.xml:84:25-79
102            </intent-filter>
103        </receiver>
104
105        <service
105-->src/main/AndroidManifest.xml:88:9-98:19
106            android:name="com.sentinel.agent.service.monitoring.SentinelAccessibilityService"
106-->src/main/AndroidManifest.xml:89:13-76
107            android:exported="false"
107-->src/main/AndroidManifest.xml:91:13-37
108            android:permission="android.permission.BIND_ACCESSIBILITY_SERVICE" >
108-->src/main/AndroidManifest.xml:90:13-79
109            <intent-filter>
109-->src/main/AndroidManifest.xml:92:13-94:29
110                <action android:name="android.accessibilityservice.AccessibilityService" />
110-->src/main/AndroidManifest.xml:93:17-92
110-->src/main/AndroidManifest.xml:93:25-89
111            </intent-filter>
112
113            <meta-data
113-->src/main/AndroidManifest.xml:95:13-97:72
114                android:name="android.accessibilityservice"
114-->src/main/AndroidManifest.xml:96:17-60
115                android:resource="@xml/accessibility_service_config" />
115-->src/main/AndroidManifest.xml:97:17-69
116        </service>
117        <service
117-->src/main/AndroidManifest.xml:100:9-107:19
118            android:name="com.sentinel.agent.service.network.SentinelVpnService"
118-->src/main/AndroidManifest.xml:101:13-63
119            android:exported="false"
119-->src/main/AndroidManifest.xml:103:13-37
120            android:permission="android.permission.BIND_VPN_SERVICE" >
120-->src/main/AndroidManifest.xml:102:13-69
121            <intent-filter>
121-->src/main/AndroidManifest.xml:104:13-106:29
122                <action android:name="android.net.VpnService" />
122-->src/main/AndroidManifest.xml:105:17-65
122-->src/main/AndroidManifest.xml:105:25-62
123            </intent-filter>
124        </service>
125
126        <provider
126-->[androidx.emoji2:emoji2:1.2.0] AndroidManifest.xml:24:9-32:20
127            android:name="androidx.startup.InitializationProvider"
127-->[androidx.emoji2:emoji2:1.2.0] AndroidManifest.xml:25:13-67
128            android:authorities="com.sentinel.agent.androidx-startup"
128-->[androidx.emoji2:emoji2:1.2.0] AndroidManifest.xml:26:13-68
129            android:exported="false" >
129-->[androidx.emoji2:emoji2:1.2.0] AndroidManifest.xml:27:13-37
130            <meta-data
130-->[androidx.emoji2:emoji2:1.2.0] AndroidManifest.xml:29:13-31:52
131                android:name="androidx.emoji2.text.EmojiCompatInitializer"
131-->[androidx.emoji2:emoji2:1.2.0] AndroidManifest.xml:30:17-75
132                android:value="androidx.startup" />
132-->[androidx.emoji2:emoji2:1.2.0] AndroidManifest.xml:31:17-49
133            <meta-data
133-->[androidx.work:work-runtime:2.9.0] AndroidManifest.xml:34:13-36:52
134                android:name="androidx.work.WorkManagerInitializer"
134-->[androidx.work:work-runtime:2.9.0] AndroidManifest.xml:35:17-68
135                android:value="androidx.startup" />
135-->[androidx.work:work-runtime:2.9.0] AndroidManifest.xml:36:17-49
136            <meta-data
136-->[androidx.lifecycle:lifecycle-process:2.6.1] AndroidManifest.xml:29:13-31:52
137                android:name="androidx.lifecycle.ProcessLifecycleInitializer"
137-->[androidx.lifecycle:lifecycle-process:2.6.1] AndroidManifest.xml:30:17-78
138                android:value="androidx.startup" />
138-->[androidx.lifecycle:lifecycle-process:2.6.1] AndroidManifest.xml:31:17-49
139            <meta-data
139-->[androidx.profileinstaller:profileinstaller:1.3.0] AndroidManifest.xml:29:13-31:52
140                android:name="androidx.profileinstaller.ProfileInstallerInitializer"
140-->[androidx.profileinstaller:profileinstaller:1.3.0] AndroidManifest.xml:30:17-85
141                android:value="androidx.startup" />
141-->[androidx.profileinstaller:profileinstaller:1.3.0] AndroidManifest.xml:31:17-49
142        </provider>
143
144        <activity
144-->[com.google.android.gms:play-services-base:18.1.0] AndroidManifest.xml:20:9-22:45
145            android:name="com.google.android.gms.common.api.GoogleApiActivity"
145-->[com.google.android.gms:play-services-base:18.1.0] AndroidManifest.xml:20:19-85
146            android:exported="false"
146-->[com.google.android.gms:play-services-base:18.1.0] AndroidManifest.xml:22:19-43
147            android:theme="@android:style/Theme.Translucent.NoTitleBar" />
147-->[com.google.android.gms:play-services-base:18.1.0] AndroidManifest.xml:21:19-78
148
149        <meta-data
149-->[com.google.android.gms:play-services-basement:18.1.0] AndroidManifest.xml:21:9-23:69
150            android:name="com.google.android.gms.version"
150-->[com.google.android.gms:play-services-basement:18.1.0] AndroidManifest.xml:22:13-58
151            android:value="@integer/google_play_services_version" />
151-->[com.google.android.gms:play-services-basement:18.1.0] AndroidManifest.xml:23:13-66
152
153        <service
153-->[androidx.work:work-runtime:2.9.0] AndroidManifest.xml:39:9-45:35
154            android:name="androidx.work.impl.background.systemalarm.SystemAlarmService"
154-->[androidx.work:work-runtime:2.9.0] AndroidManifest.xml:40:13-88
155            android:directBootAware="false"
155-->[androidx.work:work-runtime:2.9.0] AndroidManifest.xml:41:13-44
156            android:enabled="@bool/enable_system_alarm_service_default"
156-->[androidx.work:work-runtime:2.9.0] AndroidManifest.xml:42:13-72
157            android:exported="false" />
157-->[androidx.work:work-runtime:2.9.0] AndroidManifest.xml:43:13-37
158        <service
158-->[androidx.work:work-runtime:2.9.0] AndroidManifest.xml:46:9-52:35
159            android:name="androidx.work.impl.background.systemjob.SystemJobService"
159-->[androidx.work:work-runtime:2.9.0] AndroidManifest.xml:47:13-84
160            android:directBootAware="false"
160-->[androidx.work:work-runtime:2.9.0] AndroidManifest.xml:48:13-44
161            android:enabled="@bool/enable_system_job_service_default"
161-->[androidx.work:work-runtime:2.9.0] AndroidManifest.xml:49:13-70
162            android:exported="true"
162-->[androidx.work:work-runtime:2.9.0] AndroidManifest.xml:50:13-36
163            android:permission="android.permission.BIND_JOB_SERVICE" />
163-->[androidx.work:work-runtime:2.9.0] AndroidManifest.xml:51:13-69
164        <service
164-->[androidx.work:work-runtime:2.9.0] AndroidManifest.xml:53:9-59:35
165            android:name="androidx.work.impl.foreground.SystemForegroundService"
165-->[androidx.work:work-runtime:2.9.0] AndroidManifest.xml:54:13-81
166            android:directBootAware="false"
166-->[androidx.work:work-runtime:2.9.0] AndroidManifest.xml:55:13-44
167            android:enabled="@bool/enable_system_foreground_service_default"
167-->[androidx.work:work-runtime:2.9.0] AndroidManifest.xml:56:13-77
168            android:exported="false" />
168-->[androidx.work:work-runtime:2.9.0] AndroidManifest.xml:57:13-37
169
170        <receiver
170-->[androidx.work:work-runtime:2.9.0] AndroidManifest.xml:61:9-66:35
171            android:name="androidx.work.impl.utils.ForceStopRunnable$BroadcastReceiver"
171-->[androidx.work:work-runtime:2.9.0] AndroidManifest.xml:62:13-88
172            android:directBootAware="false"
172-->[androidx.work:work-runtime:2.9.0] AndroidManifest.xml:63:13-44
173            android:enabled="true"
173-->[androidx.work:work-runtime:2.9.0] AndroidManifest.xml:64:13-35
174            android:exported="false" />
174-->[androidx.work:work-runtime:2.9.0] AndroidManifest.xml:65:13-37
175        <receiver
175-->[androidx.work:work-runtime:2.9.0] AndroidManifest.xml:67:9-77:20
176            android:name="androidx.work.impl.background.systemalarm.ConstraintProxy$BatteryChargingProxy"
176-->[androidx.work:work-runtime:2.9.0] AndroidManifest.xml:68:13-106
177            android:directBootAware="false"
177-->[androidx.work:work-runtime:2.9.0] AndroidManifest.xml:69:13-44
178            android:enabled="false"
178-->[androidx.work:work-runtime:2.9.0] AndroidManifest.xml:70:13-36
179            android:exported="false" >
179-->[androidx.work:work-runtime:2.9.0] AndroidManifest.xml:71:13-37
180            <intent-filter>
180-->[androidx.work:work-runtime:2.9.0] AndroidManifest.xml:73:13-76:29
181                <action android:name="android.intent.action.ACTION_POWER_CONNECTED" />
181-->[androidx.work:work-runtime:2.9.0] AndroidManifest.xml:74:17-87
181-->[androidx.work:work-runtime:2.9.0] AndroidManifest.xml:74:25-84
182                <action android:name="android.intent.action.ACTION_POWER_DISCONNECTED" />
182-->[androidx.work:work-runtime:2.9.0] AndroidManifest.xml:75:17-90
182-->[androidx.work:work-runtime:2.9.0] AndroidManifest.xml:75:25-87
183            </intent-filter>
184        </receiver>
185        <receiver
185-->[androidx.work:work-runtime:2.9.0] AndroidManifest.xml:78:9-88:20
186            android:name="androidx.work.impl.background.systemalarm.ConstraintProxy$BatteryNotLowProxy"
186-->[androidx.work:work-runtime:2.9.0] AndroidManifest.xml:79:13-104
187            android:directBootAware="false"
187-->[androidx.work:work-runtime:2.9.0] AndroidManifest.xml:80:13-44
188            android:enabled="false"
188-->[androidx.work:work-runtime:2.9.0] AndroidManifest.xml:81:13-36
189            android:exported="false" >
189-->[androidx.work:work-runtime:2.9.0] AndroidManifest.xml:82:13-37
190            <intent-filter>
190-->[androidx.work:work-runtime:2.9.0] AndroidManifest.xml:84:13-87:29
191                <action android:name="android.intent.action.BATTERY_OKAY" />
191-->[androidx.work:work-runtime:2.9.0] AndroidManifest.xml:85:17-77
191-->[androidx.work:work-runtime:2.9.0] AndroidManifest.xml:85:25-74
192                <action android:name="android.intent.action.BATTERY_LOW" />
192-->[androidx.work:work-runtime:2.9.0] AndroidManifest.xml:86:17-76
192-->[androidx.work:work-runtime:2.9.0] AndroidManifest.xml:86:25-73
193            </intent-filter>
194        </receiver>
195        <receiver
195-->[androidx.work:work-runtime:2.9.0] AndroidManifest.xml:89:9-99:20
196            android:name="androidx.work.impl.background.systemalarm.ConstraintProxy$StorageNotLowProxy"
196-->[androidx.work:work-runtime:2.9.0] AndroidManifest.xml:90:13-104
197            android:directBootAware="false"
197-->[androidx.work:work-runtime:2.9.0] AndroidManifest.xml:91:13-44
198            android:enabled="false"
198-->[androidx.work:work-runtime:2.9.0] AndroidManifest.xml:92:13-36
199            android:exported="false" >
199-->[androidx.work:work-runtime:2.9.0] AndroidManifest.xml:93:13-37
200            <intent-filter>
200-->[androidx.work:work-runtime:2.9.0] AndroidManifest.xml:95:13-98:29
201                <action android:name="android.intent.action.DEVICE_STORAGE_LOW" />
201-->[androidx.work:work-runtime:2.9.0] AndroidManifest.xml:96:17-83
201-->[androidx.work:work-runtime:2.9.0] AndroidManifest.xml:96:25-80
202                <action android:name="android.intent.action.DEVICE_STORAGE_OK" />
202-->[androidx.work:work-runtime:2.9.0] AndroidManifest.xml:97:17-82
202-->[androidx.work:work-runtime:2.9.0] AndroidManifest.xml:97:25-79
203            </intent-filter>
204        </receiver>
205        <receiver
205-->[androidx.work:work-runtime:2.9.0] AndroidManifest.xml:100:9-109:20
206            android:name="androidx.work.impl.background.systemalarm.ConstraintProxy$NetworkStateProxy"
206-->[androidx.work:work-runtime:2.9.0] AndroidManifest.xml:101:13-103
207            android:directBootAware="false"
207-->[androidx.work:work-runtime:2.9.0] AndroidManifest.xml:102:13-44
208            android:enabled="false"
208-->[androidx.work:work-runtime:2.9.0] AndroidManifest.xml:103:13-36
209            android:exported="false" >
209-->[androidx.work:work-runtime:2.9.0] AndroidManifest.xml:104:13-37
210            <intent-filter>
210-->[androidx.work:work-runtime:2.9.0] AndroidManifest.xml:106:13-108:29
211                <action android:name="android.net.conn.CONNECTIVITY_CHANGE" />
211-->[androidx.work:work-runtime:2.9.0] AndroidManifest.xml:107:17-79
211-->[androidx.work:work-runtime:2.9.0] AndroidManifest.xml:107:25-76
212            </intent-filter>
213        </receiver>
214        <receiver
214-->[androidx.work:work-runtime:2.9.0] AndroidManifest.xml:110:9-121:20
215            android:name="androidx.work.impl.background.systemalarm.RescheduleReceiver"
215-->[androidx.work:work-runtime:2.9.0] AndroidManifest.xml:111:13-88
216            android:directBootAware="false"
216-->[androidx.work:work-runtime:2.9.0] AndroidManifest.xml:112:13-44
217            android:enabled="false"
217-->[androidx.work:work-runtime:2.9.0] AndroidManifest.xml:113:13-36
218            android:exported="false" >
218-->[androidx.work:work-runtime:2.9.0] AndroidManifest.xml:114:13-37
219            <intent-filter>
219-->[androidx.work:work-runtime:2.9.0] AndroidManifest.xml:116:13-120:29
220                <action android:name="android.intent.action.BOOT_COMPLETED" />
220-->src/main/AndroidManifest.xml:62:17-79
220-->src/main/AndroidManifest.xml:62:25-76
221                <action android:name="android.intent.action.TIME_SET" />
221-->[androidx.work:work-runtime:2.9.0] AndroidManifest.xml:118:17-73
221-->[androidx.work:work-runtime:2.9.0] AndroidManifest.xml:118:25-70
222                <action android:name="android.intent.action.TIMEZONE_CHANGED" />
222-->[androidx.work:work-runtime:2.9.0] AndroidManifest.xml:119:17-81
222-->[androidx.work:work-runtime:2.9.0] AndroidManifest.xml:119:25-78
223            </intent-filter>
224        </receiver>
225        <receiver
225-->[androidx.work:work-runtime:2.9.0] AndroidManifest.xml:122:9-131:20
226            android:name="androidx.work.impl.background.systemalarm.ConstraintProxyUpdateReceiver"
226-->[androidx.work:work-runtime:2.9.0] AndroidManifest.xml:123:13-99
227            android:directBootAware="false"
227-->[androidx.work:work-runtime:2.9.0] AndroidManifest.xml:124:13-44
228            android:enabled="@bool/enable_system_alarm_service_default"
228-->[androidx.work:work-runtime:2.9.0] AndroidManifest.xml:125:13-72
229            android:exported="false" >
229-->[androidx.work:work-runtime:2.9.0] AndroidManifest.xml:126:13-37
230            <intent-filter>
230-->[androidx.work:work-runtime:2.9.0] AndroidManifest.xml:128:13-130:29
231                <action android:name="androidx.work.impl.background.systemalarm.UpdateProxies" />
231-->[androidx.work:work-runtime:2.9.0] AndroidManifest.xml:129:17-98
231-->[androidx.work:work-runtime:2.9.0] AndroidManifest.xml:129:25-95
232            </intent-filter>
233        </receiver>
234        <receiver
234-->[androidx.work:work-runtime:2.9.0] AndroidManifest.xml:132:9-142:20
235            android:name="androidx.work.impl.diagnostics.DiagnosticsReceiver"
235-->[androidx.work:work-runtime:2.9.0] AndroidManifest.xml:133:13-78
236            android:directBootAware="false"
236-->[androidx.work:work-runtime:2.9.0] AndroidManifest.xml:134:13-44
237            android:enabled="true"
237-->[androidx.work:work-runtime:2.9.0] AndroidManifest.xml:135:13-35
238            android:exported="true"
238-->[androidx.work:work-runtime:2.9.0] AndroidManifest.xml:136:13-36
239            android:permission="android.permission.DUMP" >
239-->[androidx.work:work-runtime:2.9.0] AndroidManifest.xml:137:13-57
240            <intent-filter>
240-->[androidx.work:work-runtime:2.9.0] AndroidManifest.xml:139:13-141:29
241                <action android:name="androidx.work.diagnostics.REQUEST_DIAGNOSTICS" />
241-->[androidx.work:work-runtime:2.9.0] AndroidManifest.xml:140:17-88
241-->[androidx.work:work-runtime:2.9.0] AndroidManifest.xml:140:25-85
242            </intent-filter>
243        </receiver>
244
245        <service
245-->[androidx.room:room-runtime:2.6.1] AndroidManifest.xml:24:9-28:63
246            android:name="androidx.room.MultiInstanceInvalidationService"
246-->[androidx.room:room-runtime:2.6.1] AndroidManifest.xml:25:13-74
247            android:directBootAware="true"
247-->[androidx.room:room-runtime:2.6.1] AndroidManifest.xml:26:13-43
248            android:exported="false" />
248-->[androidx.room:room-runtime:2.6.1] AndroidManifest.xml:27:13-37
249
250        <receiver
250-->[androidx.profileinstaller:profileinstaller:1.3.0] AndroidManifest.xml:34:9-52:20
251            android:name="androidx.profileinstaller.ProfileInstallReceiver"
251-->[androidx.profileinstaller:profileinstaller:1.3.0] AndroidManifest.xml:35:13-76
252            android:directBootAware="false"
252-->[androidx.profileinstaller:profileinstaller:1.3.0] AndroidManifest.xml:36:13-44
253            android:enabled="true"
253-->[androidx.profileinstaller:profileinstaller:1.3.0] AndroidManifest.xml:37:13-35
254            android:exported="true"
254-->[androidx.profileinstaller:profileinstaller:1.3.0] AndroidManifest.xml:38:13-36
255            android:permission="android.permission.DUMP" >
255-->[androidx.profileinstaller:profileinstaller:1.3.0] AndroidManifest.xml:39:13-57
256            <intent-filter>
256-->[androidx.profileinstaller:profileinstaller:1.3.0] AndroidManifest.xml:40:13-42:29
257                <action android:name="androidx.profileinstaller.action.INSTALL_PROFILE" />
257-->[androidx.profileinstaller:profileinstaller:1.3.0] AndroidManifest.xml:41:17-91
257-->[androidx.profileinstaller:profileinstaller:1.3.0] AndroidManifest.xml:41:25-88
258            </intent-filter>
259            <intent-filter>
259-->[androidx.profileinstaller:profileinstaller:1.3.0] AndroidManifest.xml:43:13-45:29
260                <action android:name="androidx.profileinstaller.action.SKIP_FILE" />
260-->[androidx.profileinstaller:profileinstaller:1.3.0] AndroidManifest.xml:44:17-85
260-->[androidx.profileinstaller:profileinstaller:1.3.0] AndroidManifest.xml:44:25-82
261            </intent-filter>
262            <intent-filter>
262-->[androidx.profileinstaller:profileinstaller:1.3.0] AndroidManifest.xml:46:13-48:29
263                <action android:name="androidx.profileinstaller.action.SAVE_PROFILE" />
263-->[androidx.profileinstaller:profileinstaller:1.3.0] AndroidManifest.xml:47:17-88
263-->[androidx.profileinstaller:profileinstaller:1.3.0] AndroidManifest.xml:47:25-85
264            </intent-filter>
265            <intent-filter>
265-->[androidx.profileinstaller:profileinstaller:1.3.0] AndroidManifest.xml:49:13-51:29
266                <action android:name="androidx.profileinstaller.action.BENCHMARK_OPERATION" />
266-->[androidx.profileinstaller:profileinstaller:1.3.0] AndroidManifest.xml:50:17-95
266-->[androidx.profileinstaller:profileinstaller:1.3.0] AndroidManifest.xml:50:25-92
267            </intent-filter>
268        </receiver>
269    </application>
270
271</manifest>